2022-11-27 21:31:41,246 INFO   INFO  r.m.s.s.MessageService: Get conversation between user user and user user2
2022-11-27 21:31:41,290 INFO   INFO  r.m.s.s.MessageService: Send message to user user2 by user user
2022-11-27 21:41:59,706 INFO   INFO  r.m.s.s.MessageService: Get conversation between user user and user user2
2022-11-27 21:41:59,741 INFO   INFO  r.m.s.s.MessageService: Send message to user user2 by user user
2022-11-27 21:49:50,582 INFO   INFO  r.m.s.s.ReviewService: Find review by id 1
2022-11-27 22:22:45,809 INFO   INFO  r.m.s.s.ReviewService: Find review by id 1
2022-11-27 22:22:45,860 INFO   INFO  r.m.s.s.ReviewService: Create review to post with id 1
2022-11-27 22:22:45,873 INFO   INFO  r.m.s.s.ReviewService: Find reviews by review author user
2022-11-27 22:26:29,849 INFO   INFO  r.m.s.s.ReviewService: Find reviews by posts author user
2022-11-27 22:34:55,354 INFO   INFO  r.m.s.s.UserService: Find user by id 1
2022-11-27 22:34:55,393 INFO   INFO  r.m.s.s.UserService: Find user with username user
2022-11-27 22:34:55,400 INFO   INFO  r.m.s.s.UserService: Create new user with username user
2022-11-27 22:36:35,459 INFO   INFO  r.m.s.s.UserService: Find user by id 1
2022-11-27 22:36:35,509 INFO   INFO  r.m.s.s.UserService: Find user with username user
2022-11-27 22:36:35,517 INFO   INFO  r.m.s.s.UserService: Create new user with username user
2022-11-27 22:37:42,910 INFO   INFO  r.m.s.s.UserService: Find user by id 1
2022-11-27 22:37:42,944 INFO   INFO  r.m.s.s.UserService: Find user with username user
2022-11-27 22:37:42,964 INFO   INFO  r.m.s.s.UserService: Create new user with username user
2022-11-27 22:38:29,521 INFO   INFO  r.m.s.s.UserService: Find user by id 1
2022-11-27 22:38:29,561 INFO   INFO  r.m.s.s.UserService: Find user with username user
2022-11-27 22:38:29,584 INFO   INFO  r.m.s.s.UserService: Create new user with username user
2022-11-27 22:39:27,743 INFO   INFO  r.m.s.s.UserService: Find user with username user
